\BOOKMARK [0][-]{chapter.1}{\376\377\000I\000n\000t\000r\000o\000d\000u\000k\000s\000j\000o\000n\000.}{}% 1
\BOOKMARK [1][-]{section.1.1}{\376\377\000E\000m\000n\000e\000t\000\040\000o\000g\000\040\000p\000r\000o\000b\000l\000e\000m\000s\000t\000i\000l\000l\000i\000n\000g\000a\000.}{chapter.1}% 2
\BOOKMARK [1][-]{section.1.2}{\376\377\000H\000y\000p\000o\000t\000e\000s\000e\000r\000.}{chapter.1}% 3
\BOOKMARK [1][-]{section.1.3}{\376\377\000R\000e\000l\000e\000v\000a\000n\000s\000e\000.}{chapter.1}% 4
\BOOKMARK [0][-]{chapter.2}{\376\377\000T\000e\000o\000r\000i\000.}{}% 5
\BOOKMARK [1][-]{section.2.1}{\376\377\000B\000i\000o\000l\000o\000g\000i\000\040\000T\000e\000o\000r\000i\000.}{chapter.2}% 6
\BOOKMARK [2][-]{subsection.2.1.1}{\376\377\000M\000i\000l\000j\000\370\000\040\000p\000\345\000v\000e\000r\000k\000n\000a\000d\000e\000r\000\040\000t\000i\000l\000\040\000f\000i\000s\000k\000e\000b\000e\000s\000t\000a\000n\000d\000e\000r\000.}{section.2.1}% 7
\BOOKMARK [2][-]{subsection.2.1.2}{\376\377\000S\000a\000m\000s\000p\000e\000l\000\040\000m\000e\000l\000l\000o\000m\000\040\000u\000l\000i\000k\000e\000\040\000f\000i\000s\000k\000e\000b\000e\000s\000t\000a\000n\000d\000e\000r\000.}{section.2.1}% 8
\BOOKMARK [0][-]{chapter.3}{\376\377\000A\000n\000a\000l\000y\000s\000e\000.}{}% 9
\BOOKMARK [1][-]{section.3.1}{\376\377\000F\000o\000r\000a\000n\000d\000r\000i\000n\000g\000\040\000a\000v\000\040\000d\000a\000t\000a\000s\000e\000t\000t\000.}{chapter.3}% 10
\BOOKMARK [1][-]{section.3.2}{\376\377\000P\000l\000o\000t\000t\000e\000\040\000d\000a\000t\000a\000.}{chapter.3}% 11
\BOOKMARK [1][-]{section.3.3}{\376\377\000U\000l\000i\000k\000e\000\040\000m\000o\000d\000e\000l\000l\000e\000r\000\040\000f\000o\000r\000\040\000b\000e\000s\000t\000a\000n\000d\000e\000n\000.}{chapter.3}% 12
\BOOKMARK [2][-]{subsection.3.3.1}{\376\377\000E\000i\000n\000\040\000s\000i\000m\000p\000e\000l\000\040\000m\000o\000d\000e\000l\000l\000\040\000f\000o\000r\000\040\000f\000i\000s\000k\000e\000b\000e\000s\000t\000a\000n\000d\000e\000n\000.}{section.3.3}% 13
\BOOKMARK [1][-]{section.3.4}{\376\377\000V\000e\000k\000s\000t\000e\000n\000\040\000f\000o\000r\000\040\000f\000i\000s\000k\000e\000b\000e\000s\000t\000a\000n\000d\000e\000n\000.}{chapter.3}% 14
\BOOKMARK [2][-]{subsection.3.4.1}{\376\377\000D\000e\000r\000i\000v\000a\000s\000j\000o\000n\000\040\000a\000v\000\040\000r\000e\000g\000r\000e\000s\000j\000o\000n\000.}{section.3.4}% 15
\BOOKMARK [2][-]{subsection.3.4.2}{\376\377\000N\000u\000m\000e\000r\000i\000s\000k\000\040\000d\000e\000r\000i\000v\000a\000s\000j\000o\000n\000\040\000a\000v\000\040\000d\000a\000t\000a\000s\000e\000t\000t\000e\000t\000\040\000g\000j\000e\000n\000n\000o\000m\000\040\000P\000y\000t\000h\000o\000n\000\040\000f\000o\000r\000\040\000b\000r\000u\000k\000\040\000i\000\040\000f\000r\000a\000m\000t\000i\000d\000i\000g\000e\000\040\000s\000t\000u\000d\000i\000a\000r\000.}{section.3.4}% 16
\BOOKMARK [1][-]{section.3.5}{\376\377\000F\000i\000n\000n\000e\000\040\000t\000o\000t\000a\000l\000m\000e\000n\000g\000d\000e\000\040\000t\000o\000r\000s\000k\000\040\000m\000\345\000l\000t\000.}{chapter.3}% 17
\BOOKMARK [2][-]{subsection.3.5.1}{\376\377\000\305\000\040\000f\000i\000n\000n\000e\000\040\000t\000o\000t\000a\000l\000m\000e\000n\000g\000d\000e\000\040\000t\000o\000r\000s\000k\000\040\000m\000\345\000l\000t\000.}{section.3.5}% 18
\BOOKMARK [2][-]{subsection.3.5.2}{\376\377\000\305\000\040\000a\000n\000s\000l\000\345\000\040\000p\000r\000e\000s\000i\000s\000j\000o\000n\000e\000n\000\040\000t\000i\000l\000\040\000d\000e\000n\000\040\000o\000r\000i\000g\000i\000n\000a\000l\000e\000\040\000r\000e\000g\000r\000e\000s\000j\000o\000n\000s\000b\000a\000s\000e\000r\000t\000e\000\040\000m\000o\000d\000e\000l\000l\000e\000n\000\040\000g\000j\000e\000n\000n\000o\000m\000\040\000i\000n\000t\000e\000g\000r\000a\000s\000j\000o\000n\000.}{section.3.5}% 19
\BOOKMARK [1][-]{section.3.6}{\376\377\000\305\000\040\000f\000i\000n\000n\000e\000\040\000d\000e\000n\000\040\000g\000j\000e\000n\000n\000o\000m\000s\000n\000i\000t\000t\000l\000e\000g\000e\000\040\000a\000v\000v\000i\000k\000e\000t\000\040\000f\000r\000\345\000\040\000r\000\370\000y\000n\000d\000a\000.}{chapter.3}% 20
\BOOKMARK [1][-]{section.3.7}{\376\377\000E\000i\000n\000\040\000m\000o\000d\000e\000l\000l\000\040\000s\000o\000m\000\040\000t\000a\000r\000\040\000o\000m\000s\000y\000n\000\040\000t\000i\000l\000\040\000m\000i\000l\000j\000\370\000f\000a\000k\000t\000o\000r\000a\000r\000\040\000o\000g\000\040\000a\000n\000d\000r\000e\000\040\000f\000i\000s\000k\000e\000b\000e\000s\000t\000a\000n\000d\000e\000r\000.}{chapter.3}% 21
\BOOKMARK [0][-]{chapter.4}{\376\377\000F\000e\000i\000l\000k\000j\000e\000l\000d\000e\000r\000.}{}% 22
\BOOKMARK [0][-]{chapter.5}{\376\377\000K\000o\000n\000k\000l\000u\000s\000j\000o\000n\000.}{}% 23
\BOOKMARK [0][-]{chapter.6}{\376\377\000F\000o\000r\000b\000e\000t\000r\000i\000n\000g\000a\000r\000\040\000\046\000\040\000Y\000n\000s\000k\000e\000r\000\040\000\046\000\040\000R\000e\000f\000l\000e\000k\000s\000j\000o\000n}{}% 24
\BOOKMARK [0][-]{chapter.7}{\376\377\000B\000i\000b\000l\000i\000o\000g\000r\000a\000f\000i\000.}{}% 25
